c:\users\bensk\source\repos\datagrapher\datagrapher\debug\vc142.pdb
c:\users\bensk\source\repos\datagrapher\datagrapher\debug\vc142.idb
c:\users\bensk\source\repos\datagrapher\datagrapher\debug\gather.obj
c:\users\bensk\source\repos\datagrapher\datagrapher\debug\main.obj
c:\users\bensk\source\repos\datagrapher\datagrapher\debug\graphupdate.obj
c:\users\bensk\source\repos\datagrapher\datagrapher\debug\init.obj
c:\users\bensk\source\repos\datagrapher\datagrapher\debug\data.obj
c:\users\bensk\source\repos\datagrapher\datagrapher\debug\slider.obj
c:\users\bensk\source\repos\datagrapher\datagrapher\debug\bitsnbobs.obj
c:\users\bensk\source\repos\datagrapher\debug\datagrapher.exe
c:\users\bensk\source\repos\datagrapher\debug\datagrapher.ilk
c:\users\bensk\source\repos\datagrapher\debug\datagrapher.pdb
c:\users\bensk\source\repos\datagrapher\datagrapher\debug\data.obj.enc
c:\users\bensk\source\repos\datagrapher\datagrapher\debug\gather.obj.enc
c:\users\bensk\source\repos\datagrapher\datagrapher\debug\nativecodeanalysis.read.1.tlog
c:\users\bensk\source\repos\datagrapher\datagrapher\debug\gather.nativecodeanalysis.xml
c:\users\bensk\source\repos\datagrapher\datagrapher\debug\graphupdate.nativecodeanalysis.xml
c:\users\bensk\source\repos\datagrapher\datagrapher\debug\main.nativecodeanalysis.xml
c:\users\bensk\source\repos\datagrapher\datagrapher\debug\vc.nativecodeanalysis.all.xml
c:\users\bensk\source\repos\datagrapher\debug\datagrapher.exe.lastcodeanalysissucceeded
c:\users\bensk\source\repos\datagrapher\datagrapher\debug\datagrapher.tlog\cl.command.1.tlog
c:\users\bensk\source\repos\datagrapher\datagrapher\debug\datagrapher.tlog\cl.read.1.tlog
c:\users\bensk\source\repos\datagrapher\datagrapher\debug\datagrapher.tlog\cl.write.1.tlog
c:\users\bensk\source\repos\datagrapher\datagrapher\debug\datagrapher.tlog\link.command.1.tlog
c:\users\bensk\source\repos\datagrapher\datagrapher\debug\datagrapher.tlog\link.read.1.tlog
c:\users\bensk\source\repos\datagrapher\datagrapher\debug\datagrapher.tlog\link.write.1.tlog
